2025-12-26 17:25:28,260 - INFO - 
======================================================================
2025-12-26 17:25:28,261 - INFO -  MUSICTALENTRADAR v2 - PIPELINE ETL
2025-12-26 17:25:28,261 - INFO - ======================================================================
2025-12-26 17:25:28,261 - INFO - Début: 2025-12-26 17:25:28
2025-12-26 17:25:28,262 - INFO - 
Critères de détection:
2025-12-26 17:25:28,262 - INFO -   • Spotify: 1,000 - 50,000 followers
2025-12-26 17:25:28,262 - INFO -   • Deezer: 1,000 - 20,000 fans
2025-12-26 17:25:28,262 - INFO -   • 10 genres musicaux
2025-12-26 17:25:28,263 - INFO - 
======================================================================
2025-12-26 17:25:28,263 - INFO - PHASE 1 - EXTRACT: Collecte des données
2025-12-26 17:25:28,263 - INFO - ======================================================================
2025-12-26 17:25:28,264 - INFO -  Les données du jour existent déjà !
2025-12-26 17:25:28,264 - INFO -    • data/spotify_artists_20251226.csv
2025-12-26 17:25:28,264 - INFO -    • data/deezer_artists_20251226.csv
2025-12-26 17:25:28,264 - INFO -    → Skip de la collecte, utilisation des données existantes
2025-12-26 17:25:28,279 - INFO -  Spotify: 1836 artistes (existants)
2025-12-26 17:25:28,283 - INFO -  Deezer: 411 artistes (existants)
2025-12-26 17:25:28,283 - INFO - 
 Phase Extract terminée: 2247 artistes au total
2025-12-26 17:25:28,283 - INFO - 
======================================================================
2025-12-26 17:25:28,284 - INFO - PHASE 2 - TRANSFORM: Nettoyage des données
2025-12-26 17:25:28,284 - INFO - ======================================================================
2025-12-26 17:25:28,284 - INFO - ======================================================================
2025-12-26 17:25:28,284 - INFO -  Nettoyage initial (doublons, données invalides)
2025-12-26 17:25:28,285 - INFO - ======================================================================
2025-12-26 17:25:29,456 - INFO -  Nettoyage initial (doublons, données invalides) - SUCCÈS
2025-12-26 17:25:29,457 - INFO - ======================================================================
2025-12-26 17:25:29,457 - INFO -  Suppression orchestres, DJs, contenu enfants
2025-12-26 17:25:29,457 - INFO - ======================================================================
2025-12-26 17:25:30,610 - ERROR -  Suppression orchestres, DJs, contenu enfants - ÉCHEC
2025-12-26 17:25:30,611 - ERROR - Code erreur: 1
2025-12-26 17:25:30,611 - ERROR - Erreur: Traceback (most recent call last):
  File "C:\Users\jenny\OneDrive\Documents\projetdata\projetdata\DataAnalyst_Projet3\MusicTalentRadarAll\suppressionorchestrespotify.py", line 6, in <module>
    df = pd.read_csv('data/spotify_artists_cleaned_20251226.csv')  # \u2705 Bonne date
         ^^^^^^^^^^^^^^^^^^^^^^^^^^^^^^^^^^^^^^^^^^^^^^^^^^^^^^^^
  File "C:\Users\jenny\OneDrive\Documents\projetdata\projetdata\DataAnalyst_Projet3\MusicTalentRadarAll\venv\Lib\site-packages\pandas\io\parsers\readers.py
2025-12-26 17:25:30,611 - INFO - 
 Phase Transform terminée
2025-12-26 17:25:30,612 - INFO - 
======================================================================
2025-12-26 17:25:30,612 - INFO - PHASE 3 - LOAD: Chargement en base de données
2025-12-26 17:25:30,612 - INFO - ======================================================================
2025-12-26 17:25:30,612 - INFO - ======================================================================
2025-12-26 17:25:30,613 - INFO -  Import dans SQLite
2025-12-26 17:25:30,613 - INFO - ======================================================================
2025-12-26 17:25:31,887 - INFO -  Import dans SQLite - SUCCÈS
2025-12-26 17:25:31,887 - INFO -  Base de données: 2.51 MB
2025-12-26 17:25:31,887 - INFO - 
Phase Load terminée
2025-12-26 17:25:31,887 - INFO - 
======================================================================
2025-12-26 17:25:31,887 - INFO -  RAPPORT FINAL DU PIPELINE ETL
2025-12-26 17:25:31,887 - INFO - ======================================================================
2025-12-26 17:25:31,887 - INFO - 
 Durée totale: 4 secondes (0.1 minutes)
2025-12-26 17:25:31,887 - INFO - 
 EXTRACT:
2025-12-26 17:25:31,887 - INFO -   • Spotify: 1836 artistes
2025-12-26 17:25:31,887 - INFO -   • Deezer: 411 artistes
2025-12-26 17:25:31,887 - INFO -   • Total collecté: 2247 artistes
2025-12-26 17:25:31,887 - INFO - 
 TRANSFORM:
2025-12-26 17:25:31,887 - INFO -   • Après nettoyage: 0 artistes
2025-12-26 17:25:31,887 - INFO -   • Supprimés: 0 artistes
2025-12-26 17:25:31,887 - INFO - 
 LOAD:
2025-12-26 17:25:31,887 - INFO -   • Base de données: data/music_talent_radar_v2.db
2025-12-26 17:25:31,887 - WARNING - 
 ERREURS (1):
2025-12-26 17:25:31,887 - WARNING -   • Suppression orchestres, DJs, contenu enfants: Command '['C:\\Users\\jenny\\OneDrive\\Documents\\projetdata\\projetdata\\DataAnalyst_Projet3\\MusicTalentRadarAll\\venv\\Scripts\\python.exe', 'suppressionorchestrespotify.py']' returned non-zero exit status 1.
2025-12-26 17:25:31,902 - INFO - 
 Statistiques sauvegardées: logs/stats_20251226_172531.json
2025-12-26 17:25:31,902 - INFO -  Logs sauvegardés: logs/pipeline_20251226_172528.log
2025-12-26 17:25:31,903 - INFO - 
======================================================================
2025-12-26 17:25:31,903 - INFO -  PIPELINE ETL TERMINÉ
2025-12-26 17:25:31,904 - INFO - ======================================================================
