2025-12-26 17:22:49,561 - INFO - 
======================================================================
2025-12-26 17:22:49,561 - INFO -  MUSICTALENTRADAR v2 - PIPELINE ETL
2025-12-26 17:22:49,564 - INFO - ======================================================================
2025-12-26 17:22:49,564 - INFO - Début: 2025-12-26 17:22:49
2025-12-26 17:22:49,564 - INFO - 
Critères de détection:
2025-12-26 17:22:49,565 - INFO -   • Spotify: 1,000 - 50,000 followers
2025-12-26 17:22:49,565 - INFO -   • Deezer: 1,000 - 20,000 fans
2025-12-26 17:22:49,565 - INFO -   • 10 genres musicaux
2025-12-26 17:22:49,566 - INFO - 
======================================================================
2025-12-26 17:22:49,566 - INFO - PHASE 1 - EXTRACT: Collecte des données
2025-12-26 17:22:49,566 - INFO - ======================================================================
2025-12-26 17:22:49,566 - INFO -  Les données du jour existent déjà !
2025-12-26 17:22:49,566 - INFO -    • data/spotify_artists_20251226.csv
2025-12-26 17:22:49,566 - INFO -    • data/deezer_artists_20251226.csv
2025-12-26 17:22:49,566 - INFO -    → Skip de la collecte, utilisation des données existantes
2025-12-26 17:22:49,618 - INFO -  Spotify: 1836 artistes (existants)
2025-12-26 17:22:49,618 - INFO -  Deezer: 411 artistes (existants)
2025-12-26 17:22:49,618 - INFO - 
 Phase Extract terminée: 2247 artistes au total
2025-12-26 17:22:49,618 - INFO - 
======================================================================
2025-12-26 17:22:49,618 - INFO - PHASE 2 - TRANSFORM: Nettoyage des données
2025-12-26 17:22:49,618 - INFO - ======================================================================
2025-12-26 17:22:49,618 - INFO - ======================================================================
2025-12-26 17:22:49,618 - INFO -  Nettoyage initial (doublons, données invalides)
2025-12-26 17:22:49,618 - INFO - ======================================================================
2025-12-26 17:22:50,693 - INFO -  Nettoyage initial (doublons, données invalides) - SUCCÈS
2025-12-26 17:22:50,693 - INFO - ======================================================================
2025-12-26 17:22:50,693 - INFO -  Suppression orchestres, DJs, contenu enfants
2025-12-26 17:22:50,693 - INFO - ======================================================================
2025-12-26 17:22:51,665 - ERROR -  Suppression orchestres, DJs, contenu enfants - ÉCHEC
2025-12-26 17:22:51,665 - ERROR - Code erreur: 1
2025-12-26 17:22:51,665 - ERROR - Erreur: Traceback (most recent call last):
  File "C:\Users\jenny\OneDrive\Documents\projetdata\projetdata\DataAnalyst_Projet3\MusicTalentRadarAll\suppressionorchestrespotify.py", line 5, in <module>
    df = pd.read_csv('data/spotify_cleaned_artists_20251219.csv')
         ^^^^^^^^^^^^^^^^^^^^^^^^^^^^^^^^^^^^^^^^^^^^^^^^^^^^^^^^
  File "C:\Users\jenny\OneDrive\Documents\projetdata\projetdata\DataAnalyst_Projet3\MusicTalentRadarAll\venv\Lib\site-packages\pandas\io\parsers\readers.py", line 948, in read_
2025-12-26 17:22:51,665 - INFO - 
 Phase Transform terminée
2025-12-26 17:22:51,680 - INFO - 
======================================================================
2025-12-26 17:22:51,680 - INFO - PHASE 3 - LOAD: Chargement en base de données
2025-12-26 17:22:51,681 - INFO - ======================================================================
2025-12-26 17:22:51,681 - INFO - ======================================================================
2025-12-26 17:22:51,682 - INFO -  Import dans SQLite
2025-12-26 17:22:51,682 - INFO - ======================================================================
2025-12-26 17:22:53,065 - INFO -  Import dans SQLite - SUCCÈS
2025-12-26 17:22:53,065 - INFO -  Base de données: 1.47 MB
2025-12-26 17:22:53,065 - INFO - 
Phase Load terminée
2025-12-26 17:22:53,065 - INFO - 
======================================================================
2025-12-26 17:22:53,065 - INFO -  RAPPORT FINAL DU PIPELINE ETL
2025-12-26 17:22:53,065 - INFO - ======================================================================
2025-12-26 17:22:53,065 - INFO - 
 Durée totale: 4 secondes (0.1 minutes)
2025-12-26 17:22:53,065 - INFO - 
 EXTRACT:
2025-12-26 17:22:53,065 - INFO -   • Spotify: 1836 artistes
2025-12-26 17:22:53,065 - INFO -   • Deezer: 411 artistes
2025-12-26 17:22:53,065 - INFO -   • Total collecté: 2247 artistes
2025-12-26 17:22:53,065 - INFO - 
 TRANSFORM:
2025-12-26 17:22:53,065 - INFO -   • Après nettoyage: 0 artistes
2025-12-26 17:22:53,065 - INFO -   • Supprimés: 0 artistes
2025-12-26 17:22:53,065 - INFO - 
 LOAD:
2025-12-26 17:22:53,065 - INFO -   • Base de données: data/music_talent_radar_v2.db
2025-12-26 17:22:53,065 - WARNING - 
 ERREURS (1):
2025-12-26 17:22:53,080 - WARNING -   • Suppression orchestres, DJs, contenu enfants: Command '['C:\\Users\\jenny\\OneDrive\\Documents\\projetdata\\projetdata\\DataAnalyst_Projet3\\MusicTalentRadarAll\\venv\\Scripts\\python.exe', 'suppressionorchestrespotify.py']' returned non-zero exit status 1.
2025-12-26 17:22:53,082 - INFO - 
 Statistiques sauvegardées: logs/stats_20251226_172253.json
2025-12-26 17:22:53,082 - INFO -  Logs sauvegardés: logs/pipeline_20251226_172249.log
2025-12-26 17:22:53,082 - INFO - 
======================================================================
2025-12-26 17:22:53,082 - INFO -  PIPELINE ETL TERMINÉ
2025-12-26 17:22:53,085 - INFO - ======================================================================
