2025-12-26 17:26:37,540 - INFO - 
======================================================================
2025-12-26 17:26:37,540 - INFO -  MUSICTALENTRADAR v2 - PIPELINE ETL
2025-12-26 17:26:37,540 - INFO - ======================================================================
2025-12-26 17:26:37,540 - INFO - Début: 2025-12-26 17:26:37
2025-12-26 17:26:37,540 - INFO - 
Critères de détection:
2025-12-26 17:26:37,540 - INFO -   • Spotify: 1,000 - 50,000 followers
2025-12-26 17:26:37,540 - INFO -   • Deezer: 1,000 - 20,000 fans
2025-12-26 17:26:37,540 - INFO -   • 10 genres musicaux
2025-12-26 17:26:37,540 - INFO - 
======================================================================
2025-12-26 17:26:37,540 - INFO - PHASE 1 - EXTRACT: Collecte des données
2025-12-26 17:26:37,540 - INFO - ======================================================================
2025-12-26 17:26:37,540 - INFO -  Les données du jour existent déjà !
2025-12-26 17:26:37,540 - INFO -    • data/spotify_artists_20251226.csv
2025-12-26 17:26:37,540 - INFO -    • data/deezer_artists_20251226.csv
2025-12-26 17:26:37,540 - INFO -    → Skip de la collecte, utilisation des données existantes
2025-12-26 17:26:37,565 - INFO -  Spotify: 1836 artistes (existants)
2025-12-26 17:26:37,569 - INFO -  Deezer: 411 artistes (existants)
2025-12-26 17:26:37,569 - INFO - 
 Phase Extract terminée: 2247 artistes au total
2025-12-26 17:26:37,569 - INFO - 
======================================================================
2025-12-26 17:26:37,569 - INFO - PHASE 2 - TRANSFORM: Nettoyage des données
2025-12-26 17:26:37,569 - INFO - ======================================================================
2025-12-26 17:26:37,569 - INFO - ======================================================================
2025-12-26 17:26:37,572 - INFO -  Nettoyage initial (doublons, données invalides)
2025-12-26 17:26:37,572 - INFO - ======================================================================
2025-12-26 17:26:38,540 - INFO -  Nettoyage initial (doublons, données invalides) - SUCCÈS
2025-12-26 17:26:38,540 - INFO - ======================================================================
2025-12-26 17:26:38,540 - INFO -  Suppression orchestres, DJs, contenu enfants
2025-12-26 17:26:38,540 - INFO - ======================================================================
2025-12-26 17:26:39,684 - ERROR -  Suppression orchestres, DJs, contenu enfants - ÉCHEC
2025-12-26 17:26:39,685 - ERROR - Code erreur: 1
2025-12-26 17:26:39,685 - ERROR - Erreur: Traceback (most recent call last):
  File "C:\Users\jenny\OneDrive\Documents\projetdata\projetdata\DataAnalyst_Projet3\MusicTalentRadarAll\venv\Lib\site-packages\pandas\core\indexes\base.py", line 3791, in get_loc
    return self._engine.get_loc(casted_key)
           ^^^^^^^^^^^^^^^^^^^^^^^^^^^^^^^^
  File "index.pyx", line 152, in pandas._libs.index.IndexEngine.get_loc
  File "index.pyx", line 181, in pandas._libs.index.IndexEngine.get_loc
  File "pandas\_libs\hashtable_class_helper.pxi", line
2025-12-26 17:26:39,685 - INFO - 
 Phase Transform terminée
2025-12-26 17:26:39,685 - INFO - 
======================================================================
2025-12-26 17:26:39,685 - INFO - PHASE 3 - LOAD: Chargement en base de données
2025-12-26 17:26:39,686 - INFO - ======================================================================
2025-12-26 17:26:39,686 - INFO - ======================================================================
2025-12-26 17:26:39,686 - INFO -  Import dans SQLite
2025-12-26 17:26:39,686 - INFO - ======================================================================
2025-12-26 17:26:40,976 - INFO -  Import dans SQLite - SUCCÈS
2025-12-26 17:26:40,976 - INFO -  Base de données: 3.03 MB
2025-12-26 17:26:40,977 - INFO - 
Phase Load terminée
2025-12-26 17:26:40,977 - INFO - 
======================================================================
2025-12-26 17:26:40,977 - INFO -  RAPPORT FINAL DU PIPELINE ETL
2025-12-26 17:26:40,977 - INFO - ======================================================================
2025-12-26 17:26:40,977 - INFO - 
 Durée totale: 3 secondes (0.1 minutes)
2025-12-26 17:26:40,978 - INFO - 
 EXTRACT:
2025-12-26 17:26:40,978 - INFO -   • Spotify: 1836 artistes
2025-12-26 17:26:40,978 - INFO -   • Deezer: 411 artistes
2025-12-26 17:26:40,978 - INFO -   • Total collecté: 2247 artistes
2025-12-26 17:26:40,978 - INFO - 
 TRANSFORM:
2025-12-26 17:26:40,979 - INFO -   • Après nettoyage: 0 artistes
2025-12-26 17:26:40,979 - INFO -   • Supprimés: 0 artistes
2025-12-26 17:26:40,979 - INFO - 
 LOAD:
2025-12-26 17:26:40,979 - INFO -   • Base de données: data/music_talent_radar_v2.db
2025-12-26 17:26:40,979 - WARNING - 
 ERREURS (1):
2025-12-26 17:26:40,979 - WARNING -   • Suppression orchestres, DJs, contenu enfants: Command '['C:\\Users\\jenny\\OneDrive\\Documents\\projetdata\\projetdata\\DataAnalyst_Projet3\\MusicTalentRadarAll\\venv\\Scripts\\python.exe', 'suppressionorchestrespotify.py']' returned non-zero exit status 1.
2025-12-26 17:26:40,981 - INFO - 
 Statistiques sauvegardées: logs/stats_20251226_172640.json
2025-12-26 17:26:40,981 - INFO -  Logs sauvegardés: logs/pipeline_20251226_172637.log
2025-12-26 17:26:40,981 - INFO - 
======================================================================
2025-12-26 17:26:40,982 - INFO -  PIPELINE ETL TERMINÉ
2025-12-26 17:26:40,982 - INFO - ======================================================================
