2025-12-26 17:24:42,919 - INFO - 
======================================================================
2025-12-26 17:24:42,920 - INFO -  MUSICTALENTRADAR v2 - PIPELINE ETL
2025-12-26 17:24:42,920 - INFO - ======================================================================
2025-12-26 17:24:42,921 - INFO - Début: 2025-12-26 17:24:42
2025-12-26 17:24:42,921 - INFO - 
Critères de détection:
2025-12-26 17:24:42,921 - INFO -   • Spotify: 1,000 - 50,000 followers
2025-12-26 17:24:42,922 - INFO -   • Deezer: 1,000 - 20,000 fans
2025-12-26 17:24:42,922 - INFO -   • 10 genres musicaux
2025-12-26 17:24:42,924 - INFO - 
======================================================================
2025-12-26 17:24:42,925 - INFO - PHASE 1 - EXTRACT: Collecte des données
2025-12-26 17:24:42,925 - INFO - ======================================================================
2025-12-26 17:24:42,926 - INFO -  Les données du jour existent déjà !
2025-12-26 17:24:42,926 - INFO -    • data/spotify_artists_20251226.csv
2025-12-26 17:24:42,926 - INFO -    • data/deezer_artists_20251226.csv
2025-12-26 17:24:42,926 - INFO -    → Skip de la collecte, utilisation des données existantes
2025-12-26 17:24:42,941 - INFO -  Spotify: 1836 artistes (existants)
2025-12-26 17:24:42,948 - INFO -  Deezer: 411 artistes (existants)
2025-12-26 17:24:42,948 - INFO - 
 Phase Extract terminée: 2247 artistes au total
2025-12-26 17:24:42,948 - INFO - 
======================================================================
2025-12-26 17:24:42,948 - INFO - PHASE 2 - TRANSFORM: Nettoyage des données
2025-12-26 17:24:42,948 - INFO - ======================================================================
2025-12-26 17:24:42,948 - INFO - ======================================================================
2025-12-26 17:24:42,948 - INFO -  Nettoyage initial (doublons, données invalides)
2025-12-26 17:24:42,948 - INFO - ======================================================================
2025-12-26 17:24:43,919 - INFO -  Nettoyage initial (doublons, données invalides) - SUCCÈS
2025-12-26 17:24:43,925 - INFO - ======================================================================
2025-12-26 17:24:43,925 - INFO -  Suppression orchestres, DJs, contenu enfants
2025-12-26 17:24:43,925 - INFO - ======================================================================
2025-12-26 17:24:44,852 - ERROR -  Suppression orchestres, DJs, contenu enfants - ÉCHEC
2025-12-26 17:24:44,852 - ERROR - Code erreur: 1
2025-12-26 17:24:44,852 - ERROR - Erreur: Traceback (most recent call last):
  File "C:\Users\jenny\OneDrive\Documents\projetdata\projetdata\DataAnalyst_Projet3\MusicTalentRadarAll\suppressionorchestrespotify.py", line 7, in <module>
    df = pd.read_csv(f'data/spotify_artists_cleaned_{today}.csv')
         ^^^^^^^^^^^^^^^^^^^^^^^^^^^^^^^^^^^^^^^^^^^^^^^^^^^^^^^^
  File "C:\Users\jenny\OneDrive\Documents\projetdata\projetdata\DataAnalyst_Projet3\MusicTalentRadarAll\venv\Lib\site-packages\pandas\io\parsers\readers.py", line 948, in read_
2025-12-26 17:24:44,852 - INFO - 
 Phase Transform terminée
2025-12-26 17:24:44,852 - INFO - 
======================================================================
2025-12-26 17:24:44,852 - INFO - PHASE 3 - LOAD: Chargement en base de données
2025-12-26 17:24:44,852 - INFO - ======================================================================
2025-12-26 17:24:44,852 - INFO - ======================================================================
2025-12-26 17:24:44,852 - INFO -  Import dans SQLite
2025-12-26 17:24:44,852 - INFO - ======================================================================
2025-12-26 17:24:46,130 - INFO -  Import dans SQLite - SUCCÈS
2025-12-26 17:24:46,130 - INFO -  Base de données: 1.98 MB
2025-12-26 17:24:46,130 - INFO - 
Phase Load terminée
2025-12-26 17:24:46,130 - INFO - 
======================================================================
2025-12-26 17:24:46,130 - INFO -  RAPPORT FINAL DU PIPELINE ETL
2025-12-26 17:24:46,130 - INFO - ======================================================================
2025-12-26 17:24:46,130 - INFO - 
 Durée totale: 3 secondes (0.1 minutes)
2025-12-26 17:24:46,130 - INFO - 
 EXTRACT:
2025-12-26 17:24:46,130 - INFO -   • Spotify: 1836 artistes
2025-12-26 17:24:46,130 - INFO -   • Deezer: 411 artistes
2025-12-26 17:24:46,130 - INFO -   • Total collecté: 2247 artistes
2025-12-26 17:24:46,130 - INFO - 
 TRANSFORM:
2025-12-26 17:24:46,130 - INFO -   • Après nettoyage: 0 artistes
2025-12-26 17:24:46,135 - INFO -   • Supprimés: 0 artistes
2025-12-26 17:24:46,135 - INFO - 
 LOAD:
2025-12-26 17:24:46,136 - INFO -   • Base de données: data/music_talent_radar_v2.db
2025-12-26 17:24:46,136 - WARNING - 
 ERREURS (1):
2025-12-26 17:24:46,139 - WARNING -   • Suppression orchestres, DJs, contenu enfants: Command '['C:\\Users\\jenny\\OneDrive\\Documents\\projetdata\\projetdata\\DataAnalyst_Projet3\\MusicTalentRadarAll\\venv\\Scripts\\python.exe', 'suppressionorchestrespotify.py']' returned non-zero exit status 1.
2025-12-26 17:24:46,141 - INFO - 
 Statistiques sauvegardées: logs/stats_20251226_172446.json
2025-12-26 17:24:46,141 - INFO -  Logs sauvegardés: logs/pipeline_20251226_172442.log
2025-12-26 17:24:46,142 - INFO - 
======================================================================
2025-12-26 17:24:46,142 - INFO -  PIPELINE ETL TERMINÉ
2025-12-26 17:24:46,143 - INFO - ======================================================================
